<?xml version="1.0" encoding="UTF-8"?>
<!-- Generated by org.testng.reporters.JUnitReportReporter -->
<testsuite hostname="LAPTOP-0SIEQ14H" failures="0" tests="3" name="edu.wgu.external.web.TestNGPriorityDemo" time="0.018" errors="0" timestamp="2019-09-21T23:27:00 MDT" skipped="0">
  <testcase classname="edu.wgu.external.web.TestNGPriorityDemo" name="test1" time="0.010"/>
  <testcase classname="edu.wgu.external.web.TestNGPriorityDemo" name="test3" time="0.003"/>
  <testcase classname="edu.wgu.external.web.TestNGPriorityDemo" name="test2" time="0.005"/>
</testsuite> <!-- edu.wgu.external.web.TestNGPriorityDemo -->
