<?xml version="1.0" encoding="UTF-8"?>
<!-- Generated by org.testng.reporters.JUnitReportReporter -->
<testsuite hostname="LAPTOP-0SIEQ14H" failures="0" tests="1" name="edu.wgu.external.web.WguLandingPageTestNG" time="17.343" errors="0" timestamp="2019-10-18T17:36:26 MDT" skipped="0">
  <testcase classname="edu.wgu.external.web.WguLandingPageTestNG" name="testRun" time="17.343"/>
</testsuite> <!-- edu.wgu.external.web.WguLandingPageTestNG -->
