<?xml version="1.0" encoding="UTF-8"?>
<!-- Generated by org.testng.reporters.JUnitReportReporter -->
<testsuite hostname="LAPTOP-0SIEQ14H" failures="0" tests="3" name="edu.wgu.external.web.TestNGdependencies" time="0.058" errors="0" timestamp="2019-09-26T20:58:42 MDT" skipped="0">
  <testcase classname="edu.wgu.external.web.TestNGdependencies" name="mainPage" time="0.023"/>
  <testcase classname="edu.wgu.external.web.TestNGdependencies" name="paymentsPage" time="0.003"/>
  <testcase classname="edu.wgu.external.web.TestNGdependencies" name="ThankYouPage" time="0.032"/>
</testsuite> <!-- edu.wgu.external.web.TestNGdependencies -->
